# JRE version: OpenJDK Runtime Environment Microsoft-13877129 (17.0.19+10) (build 17.0.19+10-LTS)
# Java VM: OpenJDK 64-Bit Server VM Microsoft-13877129 (17.0.19+10-LTS, mixed mode, emulated-client, sharing, tiered, compressed oops, compressed class ptrs, g1 gc, windows-amd64)
GC Precious Log:
 CPUs: 8 total, 8 available
 Memory: 6090M
 Large Page Support: Disabled
 NUMA Support: Disabled
 Compressed Oops: Enabled (32-bit)
 Heap Region Size: 1M
 Heap Min Capacity: 8M
 Heap Initial Capacity: 96M
 Heap Max Capacity: 1524M
 Pre-touch: Disabled
 Parallel Workers: 8
 Concurrent Workers: 2
 Concurrent Refinement Workers: 8
 Periodic GC: Disabled
Heap:
 garbage-first heap   total 245760K, used 129225K [0x00000000a0c00000, 0x0000000100000000)
  region size 1024K, 2 young (2048K), 2 survivors (2048K)
 Metaspace       used 67171K, committed 67712K, reserved 1114112K
  class space    used 10064K, committed 10304K, reserved 1048576K
GC Heap History (20 events):
Event: 13.530 GC heap after
{Heap after GC invocations=17 (full 0):
 garbage-first heap   total 112640K, used 57558K [0x00000000a0c00000, 0x0000000100000000)
  region size 1024K, 7 young (7168K), 7 survivors (7168K)
 Metaspace       used 67166K, committed 67712K, reserved 1114112K
  class space    used 10063K, committed 10304K, reserved 1048576K
}
Event: 13.601 GC heap before
{Heap before GC invocations=17 (full 0):
 garbage-first heap   total 112640K, used 84182K [0x00000000a0c00000, 0x0000000100000000)
  region size 1024K, 33 young (33792K), 7 survivors (7168K)
 Metaspace       used 67166K, committed 67712K, reserved 1114112K
  class space    used 10063K, committed 10304K, reserved 1048576K
}
Event: 13.613 GC heap after
{Heap after GC invocations=18 (full 0):
 garbage-first heap   total 112640K, used 68410K [0x00000000a0c00000, 0x0000000100000000)
  region size 1024K, 5 young (5120K), 5 survivors (5120K)
 Metaspace       used 67166K, committed 67712K, reserved 1114112K
  class space    used 10063K, committed 10304K, reserved 1048576K
}
Event: 13.695 GC heap before
{Heap before GC invocations=18 (full 0):
 garbage-first heap   total 138240K, used 86842K [0x00000000a0c00000, 0x0000000100000000)
  region size 1024K, 23 young (23552K), 5 survivors (5120K)
 Metaspace       used 67167K, committed 67712K, reserved 1114112K
  class space    used 10063K, committed 10304K, reserved 1048576K
}
Event: 13.705 GC heap after
{Heap after GC invocations=19 (full 0):
 garbage-first heap   total 138240K, used 74704K [0x00000000a0c00000, 0x0000000100000000)
  region size 1024K, 3 young (3072K), 3 survivors (3072K)
 Metaspace       used 67167K, committed 67712K, reserved 1114112K
  class space    used 10063K, committed 10304K, reserved 1048576K
}
Event: 13.789 GC heap before
{Heap before GC invocations=20 (full 0):
 garbage-first heap   total 138240K, used 102352K [0x00000000a0c00000, 0x0000000100000000)
  region size 1024K, 30 young (30720K), 3 survivors (3072K)
 Metaspace       used 67167K, committed 67712K, reserved 1114112K
  class space    used 10063K, committed 10304K, reserved 1048576K
}
Event: 13.797 GC heap after
{Heap after GC invocations=21 (full 0):
 garbage-first heap   total 138240K, used 78962K [0x00000000a0c00000, 0x0000000100000000)
  region size 1024K, 4 young (4096K), 4 survivors (4096K)
 Metaspace       used 67167K, committed 67712K, reserved 1114112K
  class space    used 10063K, committed 10304K, reserved 1048576K
}
Event: 13.886 GC heap before
{Heap before GC invocations=21 (full 0):
 garbage-first heap   total 138240K, used 104562K [0x00000000a0c00000, 0x0000000100000000)
  region size 1024K, 29 young (29696K), 4 survivors (4096K)
 Metaspace       used 67169K, committed 67712K, reserved 1114112K
  class space    used 10064K, committed 10304K, reserved 1048576K
}
Event: 13.896 GC heap after
{Heap after GC invocations=22 (full 0):
 garbage-first heap   total 245760K, used 84250K [0x00000000a0c00000, 0x0000000100000000)
  region size 1024K, 4 young (4096K), 4 survivors (4096K)
 Metaspace       used 67169K, committed 67712K, reserved 1114112K
  class space    used 10064K, committed 10304K, reserved 1048576K
}
Event: 14.183 GC heap before
{Heap before GC invocations=23 (full 0):
 garbage-first heap   total 245760K, used 160026K [0x00000000a0c00000, 0x0000000100000000)
  region size 1024K, 86 young (88064K), 4 survivors (4096K)
 Metaspace       used 67169K, committed 67712K, reserved 1114112K
  class space    used 10064K, committed 10304K, reserved 1048576K
}
Event: 14.210 GC heap after
{Heap after GC invocations=24 (full 0):
 garbage-first heap   total 245760K, used 108021K [0x00000000a0c00000, 0x0000000100000000)
  region size 1024K, 11 young (11264K), 11 survivors (11264K)
 Metaspace       used 67169K, committed 67712K, reserved 1114112K
  class space    used 10064K, committed 10304K, reserved 1048576K
}
Event: 14.215 GC heap before
{Heap before GC invocations=24 (full 0):
 garbage-first heap   total 245760K, used 109044K [0x00000000a0c00000, 0x0000000100000000)
  region size 1024K, 12 young (12288K), 11 survivors (11264K)
 Metaspace       used 67169K, committed 67712K, reserved 1114112K
  class space    used 10064K, committed 10304K, reserved 1048576K
}
Event: 14.224 GC heap after
{Heap after GC invocations=25 (full 0):
 garbage-first heap   total 245760K, used 96371K [0x00000000a0c00000, 0x0000000100000000)
  region size 1024K, 2 young (2048K), 2 survivors (2048K)
 Metaspace       used 67169K, committed 67712K, reserved 1114112K
  class space    used 10064K, committed 10304K, reserved 1048576K
}
Event: 14.485 GC heap before
{Heap before GC invocations=25 (full 0):
 garbage-first heap   total 245760K, used 168051K [0x00000000a0c00000, 0x0000000100000000)
  region size 1024K, 70 young (71680K), 2 survivors (2048K)
 Metaspace       used 67169K, committed 67712K, reserved 1114112K
  class space    used 10064K, committed 10304K, reserved 1048576K
}
Event: 14.504 GC heap after
{Heap after GC invocations=26 (full 0):
 garbage-first heap   total 245760K, used 121119K [0x00000000a0c00000, 0x0000000100000000)
  region size 1024K, 9 young (9216K), 9 survivors (9216K)
 Metaspace       used 67169K, committed 67712K, reserved 1114112K
  class space    used 10064K, committed 10304K, reserved 1048576K
}
Event: 14.613 GC heap before
{Heap before GC invocations=26 (full 0):
 garbage-first heap   total 245760K, used 157983K [0x00000000a0c00000, 0x0000000100000000)
  region size 1024K, 46 young (47104K), 9 survivors (9216K)
 Metaspace       used 67169K, committed 67712K, reserved 1114112K
  class space    used 10064K, committed 10304K, reserved 1048576K
}
Event: 14.632 GC heap after
{Heap after GC invocations=27 (full 0):
 garbage-first heap   total 245760K, used 137168K [0x00000000a0c00000, 0x0000000100000000)
  region size 1024K, 8 young (8192K), 8 survivors (8192K)
 Metaspace       used 67169K, committed 67712K, reserved 1114112K
  class space    used 10064K, committed 10304K, reserved 1048576K
}
Event: 14.839 GC heap before
{Heap before GC invocations=28 (full 0):
 garbage-first heap   total 245760K, used 179152K [0x00000000a0c00000, 0x0000000100000000)
  region size 1024K, 51 young (52224K), 8 survivors (8192K)
 Metaspace       used 67171K, committed 67712K, reserved 1114112K
  class space    used 10064K, committed 10304K, reserved 1048576K
}
Event: 14.851 GC heap after
{Heap after GC invocations=29 (full 0):
 garbage-first heap   total 245760K, used 140604K [0x00000000a0c00000, 0x0000000100000000)
  region size 1024K, 4 young (4096K), 4 survivors (4096K)
 Metaspace       used 67171K, committed 67712K, reserved 1114112K
  class space    used 10064K, committed 10304K, reserved 1048576K
}
Event: 14.881 GC heap before
{Heap before GC invocations=29 (full 0):
 garbage-first heap   total 245760K, used 148796K [0x00000000a0c00000, 0x0000000100000000)
  region size 1024K, 12 young (12288K), 4 survivors (4096K)
 Metaspace       used 67171K, committed 67712K, reserved 1114112K
  class space    used 10064K, committed 10304K, reserved 1048576K
}

