# JRE version: OpenJDK Runtime Environment Microsoft-13877129 (17.0.19+10) (build 17.0.19+10-LTS)
# Java VM: OpenJDK 64-Bit Server VM Microsoft-13877129 (17.0.19+10-LTS, mixed mode, emulated-client, sharing, tiered, compressed oops, compressed class ptrs, g1 gc, windows-amd64)
GC Precious Log:
 CPUs: 8 total, 8 available
 Memory: 6090M
 Large Page Support: Disabled
 NUMA Support: Disabled
 Compressed Oops: Enabled (32-bit)
 Heap Region Size: 1M
 Heap Min Capacity: 8M
 Heap Initial Capacity: 96M
 Heap Max Capacity: 1524M
 Pre-touch: Disabled
 Parallel Workers: 8
 Concurrent Workers: 2
 Concurrent Refinement Workers: 8
 Periodic GC: Disabled
Heap:
 garbage-first heap   total 309248K, used 136343K [0x00000000a0c00000, 0x0000000100000000)
  region size 1024K, 7 young (7168K), 7 survivors (7168K)
 Metaspace       used 67429K, committed 68096K, reserved 1114112K
  class space    used 10107K, committed 10432K, reserved 1048576K
GC Heap History (20 events):
Event: 22.659 GC heap after
{Heap after GC invocations=24 (full 0):
 garbage-first heap   total 107520K, used 61440K [0x00000000a0c00000, 0x0000000100000000)
  region size 1024K, 3 young (3072K), 3 survivors (3072K)
 Metaspace       used 66868K, committed 67456K, reserved 1114112K
  class space    used 10031K, committed 10304K, reserved 1048576K
}
Event: 22.748 GC heap before
{Heap before GC invocations=24 (full 0):
 garbage-first heap   total 107520K, used 81920K [0x00000000a0c00000, 0x0000000100000000)
  region size 1024K, 23 young (23552K), 3 survivors (3072K)
 Metaspace       used 66868K, committed 67456K, reserved 1114112K
  class space    used 10031K, committed 10304K, reserved 1048576K
}
Event: 22.760 GC heap after
{Heap after GC invocations=25 (full 0):
 garbage-first heap   total 107520K, used 69083K [0x00000000a0c00000, 0x0000000100000000)
  region size 1024K, 3 young (3072K), 3 survivors (3072K)
 Metaspace       used 66868K, committed 67456K, reserved 1114112K
  class space    used 10031K, committed 10304K, reserved 1048576K
}
Event: 22.848 GC heap before
{Heap before GC invocations=25 (full 0):
 garbage-first heap   total 107520K, used 82395K [0x00000000a0c00000, 0x0000000100000000)
  region size 1024K, 16 young (16384K), 3 survivors (3072K)
 Metaspace       used 66868K, committed 67456K, reserved 1114112K
  class space    used 10031K, committed 10304K, reserved 1048576K
}
Event: 22.856 GC heap after
{Heap after GC invocations=26 (full 0):
 garbage-first heap   total 107520K, used 72704K [0x00000000a0c00000, 0x0000000100000000)
  region size 1024K, 2 young (2048K), 2 survivors (2048K)
 Metaspace       used 66868K, committed 67456K, reserved 1114112K
  class space    used 10031K, committed 10304K, reserved 1048576K
}
Event: 22.924 GC heap before
{Heap before GC invocations=27 (full 0):
 garbage-first heap   total 122880K, used 84992K [0x00000000a0c00000, 0x0000000100000000)
  region size 1024K, 14 young (14336K), 2 survivors (2048K)
 Metaspace       used 66869K, committed 67456K, reserved 1114112K
  class space    used 10031K, committed 10304K, reserved 1048576K
}
Event: 22.928 GC heap after
{Heap after GC invocations=28 (full 0):
 garbage-first heap   total 122880K, used 73701K [0x00000000a0c00000, 0x0000000100000000)
  region size 1024K, 1 young (1024K), 1 survivors (1024K)
 Metaspace       used 66869K, committed 67456K, reserved 1114112K
  class space    used 10031K, committed 10304K, reserved 1048576K
}
Event: 23.028 GC heap before
{Heap before GC invocations=28 (full 0):
 garbage-first heap   total 122880K, used 96229K [0x00000000a0c00000, 0x0000000100000000)
  region size 1024K, 23 young (23552K), 1 survivors (1024K)
 Metaspace       used 66869K, committed 67456K, reserved 1114112K
  class space    used 10031K, committed 10304K, reserved 1048576K
}
Event: 23.031 GC heap after
{Heap after GC invocations=29 (full 0):
 garbage-first heap   total 122880K, used 76139K [0x00000000a0c00000, 0x0000000100000000)
  region size 1024K, 3 young (3072K), 3 survivors (3072K)
 Metaspace       used 66869K, committed 67456K, reserved 1114112K
  class space    used 10031K, committed 10304K, reserved 1048576K
}
Event: 23.159 GC heap before
{Heap before GC invocations=30 (full 0):
 garbage-first heap   total 130048K, used 91499K [0x00000000a0c00000, 0x0000000100000000)
  region size 1024K, 24 young (24576K), 3 survivors (3072K)
 Metaspace       used 66871K, committed 67456K, reserved 1114112K
  class space    used 10033K, committed 10304K, reserved 1048576K
}
Event: 23.166 GC heap after
{Heap after GC invocations=31 (full 0):
 garbage-first heap   total 130048K, used 74189K [0x00000000a0c00000, 0x0000000100000000)
  region size 1024K, 3 young (3072K), 3 survivors (3072K)
 Metaspace       used 66871K, committed 67456K, reserved 1114112K
  class space    used 10033K, committed 10304K, reserved 1048576K
}
Event: 23.181 GC heap before
{Heap before GC invocations=31 (full 0):
 garbage-first heap   total 130048K, used 77261K [0x00000000a0c00000, 0x0000000100000000)
  region size 1024K, 6 young (6144K), 3 survivors (3072K)
 Metaspace       used 66871K, committed 67456K, reserved 1114112K
  class space    used 10033K, committed 10304K, reserved 1048576K
}
Event: 23.188 GC heap after
{Heap after GC invocations=32 (full 0):
 garbage-first heap   total 309248K, used 62440K [0x00000000a0c00000, 0x0000000100000000)
  region size 1024K, 1 young (1024K), 1 survivors (1024K)
 Metaspace       used 66871K, committed 67456K, reserved 1114112K
  class space    used 10033K, committed 10304K, reserved 1048576K
}
Event: 23.278 GC heap before
{Heap before GC invocations=32 (full 0):
 garbage-first heap   total 309248K, used 76776K [0x00000000a0c00000, 0x0000000100000000)
  region size 1024K, 15 young (15360K), 1 survivors (1024K)
 Metaspace       used 66871K, committed 67456K, reserved 1114112K
  class space    used 10033K, committed 10304K, reserved 1048576K
}
Event: 23.287 GC heap after
{Heap after GC invocations=33 (full 0):
 garbage-first heap   total 309248K, used 57581K [0x00000000a0c00000, 0x0000000100000000)
  region size 1024K, 2 young (2048K), 2 survivors (2048K)
 Metaspace       used 66871K, committed 67456K, reserved 1114112K
  class space    used 10033K, committed 10304K, reserved 1048576K
}
Event: 24.473 GC heap before
{Heap before GC invocations=33 (full 0):
 garbage-first heap   total 309248K, used 235757K [0x00000000a0c00000, 0x0000000100000000)
  region size 1024K, 173 young (177152K), 2 survivors (2048K)
 Metaspace       used 66871K, committed 67456K, reserved 1114112K
  class space    used 10033K, committed 10304K, reserved 1048576K
}
Event: 24.547 GC heap after
{Heap after GC invocations=34 (full 0):
 garbage-first heap   total 309248K, used 124734K [0x00000000a0c00000, 0x0000000100000000)
  region size 1024K, 22 young (22528K), 22 survivors (22528K)
 Metaspace       used 66871K, committed 67456K, reserved 1114112K
  class space    used 10033K, committed 10304K, reserved 1048576K
}
Event: 25.047 GC heap before
{Heap before GC invocations=34 (full 0):
 garbage-first heap   total 309248K, used 201534K [0x00000000a0c00000, 0x0000000100000000)
  region size 1024K, 94 young (96256K), 22 survivors (22528K)
 Metaspace       used 66873K, committed 67456K, reserved 1114112K
  class space    used 10033K, committed 10304K, reserved 1048576K
}
Event: 25.076 GC heap after
{Heap after GC invocations=35 (full 0):
 garbage-first heap   total 309248K, used 133475K [0x00000000a0c00000, 0x0000000100000000)
  region size 1024K, 4 young (4096K), 4 survivors (4096K)
 Metaspace       used 66873K, committed 67456K, reserved 1114112K
  class space    used 10033K, committed 10304K, reserved 1048576K
}
Event: 26.667 GC heap before
{Heap before GC invocations=35 (full 0):
 garbage-first heap   total 309248K, used 212323K [0x00000000a0c00000, 0x0000000100000000)
  region size 1024K, 81 young (82944K), 4 survivors (4096K)
 Metaspace       used 67429K, committed 68096K, reserved 1114112K
  class space    used 10107K, committed 10432K, reserved 1048576K
}

