# JRE version: OpenJDK Runtime Environment Microsoft-13877129 (17.0.19+10) (build 17.0.19+10-LTS)
# Java VM: OpenJDK 64-Bit Server VM Microsoft-13877129 (17.0.19+10-LTS, mixed mode, emulated-client, sharing, tiered, compressed oops, compressed class ptrs, g1 gc, windows-amd64)
GC Precious Log:
 CPUs: 8 total, 8 available
 Memory: 6090M
 Large Page Support: Disabled
 NUMA Support: Disabled
 Compressed Oops: Enabled (32-bit)
 Heap Region Size: 1M
 Heap Min Capacity: 8M
 Heap Initial Capacity: 96M
 Heap Max Capacity: 1524M
 Pre-touch: Disabled
 Parallel Workers: 8
 Concurrent Workers: 2
 Concurrent Refinement Workers: 8
 Periodic GC: Disabled
Heap:
 garbage-first heap   total 220160K, used 104413K [0x00000000a0c00000, 0x0000000100000000)
  region size 1024K, 2 young (2048K), 2 survivors (2048K)
 Metaspace       used 66876K, committed 67456K, reserved 1114112K
  class space    used 10033K, committed 10304K, reserved 1048576K
GC Heap History (20 events):
Event: 11.663 GC heap after
{Heap after GC invocations=20 (full 0):
 garbage-first heap   total 107520K, used 56173K [0x00000000a0c00000, 0x0000000100000000)
  region size 1024K, 6 young (6144K), 6 survivors (6144K)
 Metaspace       used 66873K, committed 67456K, reserved 1114112K
  class space    used 10032K, committed 10304K, reserved 1048576K
}
Event: 11.728 GC heap before
{Heap before GC invocations=20 (full 0):
 garbage-first heap   total 107520K, used 80749K [0x00000000a0c00000, 0x0000000100000000)
  region size 1024K, 30 young (30720K), 6 survivors (6144K)
 Metaspace       used 66873K, committed 67456K, reserved 1114112K
  class space    used 10032K, committed 10304K, reserved 1048576K
}
Event: 11.739 GC heap after
{Heap after GC invocations=21 (full 0):
 garbage-first heap   total 107520K, used 65813K [0x00000000a0c00000, 0x0000000100000000)
  region size 1024K, 4 young (4096K), 4 survivors (4096K)
 Metaspace       used 66873K, committed 67456K, reserved 1114112K
  class space    used 10032K, committed 10304K, reserved 1048576K
}
Event: 11.810 GC heap before
{Heap before GC invocations=21 (full 0):
 garbage-first heap   total 137216K, used 83221K [0x00000000a0c00000, 0x0000000100000000)
  region size 1024K, 21 young (21504K), 4 survivors (4096K)
 Metaspace       used 66873K, committed 67456K, reserved 1114112K
  class space    used 10032K, committed 10304K, reserved 1048576K
}
Event: 11.820 GC heap after
{Heap after GC invocations=22 (full 0):
 garbage-first heap   total 137216K, used 72481K [0x00000000a0c00000, 0x0000000100000000)
  region size 1024K, 3 young (3072K), 3 survivors (3072K)
 Metaspace       used 66873K, committed 67456K, reserved 1114112K
  class space    used 10032K, committed 10304K, reserved 1048576K
}
Event: 11.919 GC heap before
{Heap before GC invocations=23 (full 0):
 garbage-first heap   total 137216K, used 101153K [0x00000000a0c00000, 0x0000000100000000)
  region size 1024K, 31 young (31744K), 3 survivors (3072K)
 Metaspace       used 66874K, committed 67456K, reserved 1114112K
  class space    used 10032K, committed 10304K, reserved 1048576K
}
Event: 11.925 GC heap after
{Heap after GC invocations=24 (full 0):
 garbage-first heap   total 137216K, used 75239K [0x00000000a0c00000, 0x0000000100000000)
  region size 1024K, 2 young (2048K), 2 survivors (2048K)
 Metaspace       used 66874K, committed 67456K, reserved 1114112K
  class space    used 10032K, committed 10304K, reserved 1048576K
}
Event: 12.020 GC heap before
{Heap before GC invocations=24 (full 0):
 garbage-first heap   total 137216K, used 103911K [0x00000000a0c00000, 0x0000000100000000)
  region size 1024K, 30 young (30720K), 2 survivors (2048K)
 Metaspace       used 66876K, committed 67456K, reserved 1114112K
  class space    used 10033K, committed 10304K, reserved 1048576K
}
Event: 12.026 GC heap after
{Heap after GC invocations=25 (full 0):
 garbage-first heap   total 220160K, used 79756K [0x00000000a0c00000, 0x0000000100000000)
  region size 1024K, 4 young (4096K), 4 survivors (4096K)
 Metaspace       used 66876K, committed 67456K, reserved 1114112K
  class space    used 10033K, committed 10304K, reserved 1048576K
}
Event: 12.295 GC heap before
{Heap before GC invocations=26 (full 0):
 garbage-first heap   total 220160K, used 156556K [0x00000000a0c00000, 0x0000000100000000)
  region size 1024K, 79 young (80896K), 4 survivors (4096K)
 Metaspace       used 66876K, committed 67456K, reserved 1114112K
  class space    used 10033K, committed 10304K, reserved 1048576K
}
Event: 12.318 GC heap after
{Heap after GC invocations=27 (full 0):
 garbage-first heap   total 220160K, used 108321K [0x00000000a0c00000, 0x0000000100000000)
  region size 1024K, 10 young (10240K), 10 survivors (10240K)
 Metaspace       used 66876K, committed 67456K, reserved 1114112K
  class space    used 10033K, committed 10304K, reserved 1048576K
}
Event: 12.322 GC heap before
{Heap before GC invocations=27 (full 0):
 garbage-first heap   total 220160K, used 109345K [0x00000000a0c00000, 0x0000000100000000)
  region size 1024K, 11 young (11264K), 10 survivors (10240K)
 Metaspace       used 66876K, committed 67456K, reserved 1114112K
  class space    used 10033K, committed 10304K, reserved 1048576K
}
Event: 12.330 GC heap after
{Heap after GC invocations=28 (full 0):
 garbage-first heap   total 220160K, used 110199K [0x00000000a0c00000, 0x0000000100000000)
  region size 1024K, 1 young (1024K), 1 survivors (1024K)
 Metaspace       used 66876K, committed 67456K, reserved 1114112K
  class space    used 10033K, committed 10304K, reserved 1048576K
}
Event: 12.401 GC heap before
{Heap before GC invocations=28 (full 0):
 garbage-first heap   total 220160K, used 132727K [0x00000000a0c00000, 0x0000000100000000)
  region size 1024K, 24 young (24576K), 1 survivors (1024K)
 Metaspace       used 66876K, committed 67456K, reserved 1114112K
  class space    used 10033K, committed 10304K, reserved 1048576K
}
Event: 12.411 GC heap after
{Heap after GC invocations=29 (full 0):
 garbage-first heap   total 220160K, used 120506K [0x00000000a0c00000, 0x0000000100000000)
  region size 1024K, 7 young (7168K), 7 survivors (7168K)
 Metaspace       used 66876K, committed 67456K, reserved 1114112K
  class space    used 10033K, committed 10304K, reserved 1048576K
}
Event: 12.604 GC heap before
{Heap before GC invocations=30 (full 0):
 garbage-first heap   total 220160K, used 150202K [0x00000000a0c00000, 0x0000000100000000)
  region size 1024K, 47 young (48128K), 7 survivors (7168K)
 Metaspace       used 66876K, committed 67456K, reserved 1114112K
  class space    used 10033K, committed 10304K, reserved 1048576K
}
Event: 12.620 GC heap after
{Heap after GC invocations=31 (full 0):
 garbage-first heap   total 220160K, used 122006K [0x00000000a0c00000, 0x0000000100000000)
  region size 1024K, 6 young (6144K), 6 survivors (6144K)
 Metaspace       used 66876K, committed 67456K, reserved 1114112K
  class space    used 10033K, committed 10304K, reserved 1048576K
}
Event: 12.636 GC heap before
{Heap before GC invocations=31 (full 0):
 garbage-first heap   total 220160K, used 126102K [0x00000000a0c00000, 0x0000000100000000)
  region size 1024K, 10 young (10240K), 6 survivors (6144K)
 Metaspace       used 66876K, committed 67456K, reserved 1114112K
  class space    used 10033K, committed 10304K, reserved 1048576K
}
Event: 12.643 GC heap after
{Heap after GC invocations=32 (full 0):
 garbage-first heap   total 220160K, used 102742K [0x00000000a0c00000, 0x0000000100000000)
  region size 1024K, 2 young (2048K), 2 survivors (2048K)
 Metaspace       used 66876K, committed 67456K, reserved 1114112K
  class space    used 10033K, committed 10304K, reserved 1048576K
}
Event: 12.665 GC heap before
{Heap before GC invocations=32 (full 0):
 garbage-first heap   total 220160K, used 110934K [0x00000000a0c00000, 0x0000000100000000)
  region size 1024K, 10 young (10240K), 2 survivors (2048K)
 Metaspace       used 66876K, committed 67456K, reserved 1114112K
  class space    used 10033K, committed 10304K, reserved 1048576K
}

