# JRE version: OpenJDK Runtime Environment Microsoft-13877129 (17.0.19+10) (build 17.0.19+10-LTS)
# Java VM: OpenJDK 64-Bit Server VM Microsoft-13877129 (17.0.19+10-LTS, mixed mode, emulated-client, sharing, tiered, compressed oops, compressed class ptrs, g1 gc, windows-amd64)
GC Precious Log:
 CPUs: 8 total, 8 available
 Memory: 6090M
 Large Page Support: Disabled
 NUMA Support: Disabled
 Compressed Oops: Enabled (32-bit)
 Heap Region Size: 1M
 Heap Min Capacity: 8M
 Heap Initial Capacity: 96M
 Heap Max Capacity: 1524M
 Pre-touch: Disabled
 Parallel Workers: 8
 Concurrent Workers: 2
 Concurrent Refinement Workers: 8
 Periodic GC: Disabled
Heap:
 garbage-first heap   total 279552K, used 160372K [0x00000000a0c00000, 0x0000000100000000)
  region size 1024K, 5 young (5120K), 5 survivors (5120K)
 Metaspace       used 66924K, committed 67584K, reserved 1114112K
  class space    used 10054K, committed 10368K, reserved 1048576K
GC Heap History (20 events):
Event: 12.637 GC heap after
{Heap after GC invocations=18 (full 0):
 garbage-first heap   total 103424K, used 49414K [0x00000000a0c00000, 0x0000000100000000)
  region size 1024K, 5 young (5120K), 5 survivors (5120K)
 Metaspace       used 66879K, committed 67520K, reserved 1114112K
  class space    used 10038K, committed 10368K, reserved 1048576K
}
Event: 12.742 GC heap before
{Heap before GC invocations=18 (full 0):
 garbage-first heap   total 103424K, used 77062K [0x00000000a0c00000, 0x0000000100000000)
  region size 1024K, 31 young (31744K), 5 survivors (5120K)
 Metaspace       used 66879K, committed 67520K, reserved 1114112K
  class space    used 10038K, committed 10368K, reserved 1048576K
}
Event: 12.753 GC heap after
{Heap after GC invocations=19 (full 0):
 garbage-first heap   total 103424K, used 59168K [0x00000000a0c00000, 0x0000000100000000)
  region size 1024K, 4 young (4096K), 4 survivors (4096K)
 Metaspace       used 66879K, committed 67520K, reserved 1114112K
  class space    used 10038K, committed 10368K, reserved 1048576K
}
Event: 12.825 GC heap before
{Heap before GC invocations=19 (full 0):
 garbage-first heap   total 103424K, used 78624K [0x00000000a0c00000, 0x0000000100000000)
  region size 1024K, 23 young (23552K), 4 survivors (4096K)
 Metaspace       used 66879K, committed 67520K, reserved 1114112K
  class space    used 10038K, committed 10368K, reserved 1048576K
}
Event: 12.834 GC heap after
{Heap after GC invocations=20 (full 0):
 garbage-first heap   total 103424K, used 66617K [0x00000000a0c00000, 0x0000000100000000)
  region size 1024K, 3 young (3072K), 3 survivors (3072K)
 Metaspace       used 66879K, committed 67520K, reserved 1114112K
  class space    used 10038K, committed 10368K, reserved 1048576K
}
Event: 12.903 GC heap before
{Heap before GC invocations=20 (full 0):
 garbage-first heap   total 103424K, used 79929K [0x00000000a0c00000, 0x0000000100000000)
  region size 1024K, 16 young (16384K), 3 survivors (3072K)
 Metaspace       used 66879K, committed 67520K, reserved 1114112K
  class space    used 10038K, committed 10368K, reserved 1048576K
}
Event: 12.910 GC heap after
{Heap after GC invocations=21 (full 0):
 garbage-first heap   total 103424K, used 72551K [0x00000000a0c00000, 0x0000000100000000)
  region size 1024K, 2 young (2048K), 2 survivors (2048K)
 Metaspace       used 66879K, committed 67520K, reserved 1114112K
  class space    used 10038K, committed 10368K, reserved 1048576K
}
Event: 12.961 GC heap before
{Heap before GC invocations=22 (full 0):
 garbage-first heap   total 124928K, used 81767K [0x00000000a0c00000, 0x0000000100000000)
  region size 1024K, 11 young (11264K), 2 survivors (2048K)
 Metaspace       used 66879K, committed 67520K, reserved 1114112K
  class space    used 10038K, committed 10368K, reserved 1048576K
}
Event: 12.966 GC heap after
{Heap after GC invocations=23 (full 0):
 garbage-first heap   total 124928K, used 74717K [0x00000000a0c00000, 0x0000000100000000)
  region size 1024K, 2 young (2048K), 2 survivors (2048K)
 Metaspace       used 66879K, committed 67520K, reserved 1114112K
  class space    used 10038K, committed 10368K, reserved 1048576K
}
Event: 13.034 GC heap before
{Heap before GC invocations=23 (full 0):
 garbage-first heap   total 124928K, used 95197K [0x00000000a0c00000, 0x0000000100000000)
  region size 1024K, 22 young (22528K), 2 survivors (2048K)
 Metaspace       used 66880K, committed 67520K, reserved 1114112K
  class space    used 10038K, committed 10368K, reserved 1048576K
}
Event: 13.038 GC heap after
{Heap after GC invocations=24 (full 0):
 garbage-first heap   total 279552K, used 75033K [0x00000000a0c00000, 0x0000000100000000)
  region size 1024K, 2 young (2048K), 2 survivors (2048K)
 Metaspace       used 66880K, committed 67520K, reserved 1114112K
  class space    used 10038K, committed 10368K, reserved 1048576K
}
Event: 13.529 GC heap before
{Heap before GC invocations=25 (full 0):
 garbage-first heap   total 279552K, used 188697K [0x00000000a0c00000, 0x0000000100000000)
  region size 1024K, 113 young (115712K), 2 survivors (2048K)
 Metaspace       used 66883K, committed 67520K, reserved 1114112K
  class space    used 10040K, committed 10368K, reserved 1048576K
}
Event: 13.554 GC heap after
{Heap after GC invocations=26 (full 0):
 garbage-first heap   total 279552K, used 101131K [0x00000000a0c00000, 0x0000000100000000)
  region size 1024K, 15 young (15360K), 15 survivors (15360K)
 Metaspace       used 66883K, committed 67520K, reserved 1114112K
  class space    used 10040K, committed 10368K, reserved 1048576K
}
Event: 13.559 GC heap before
{Heap before GC invocations=26 (full 0):
 garbage-first heap   total 279552K, used 102155K [0x00000000a0c00000, 0x0000000100000000)
  region size 1024K, 16 young (16384K), 15 survivors (15360K)
 Metaspace       used 66883K, committed 67520K, reserved 1114112K
  class space    used 10040K, committed 10368K, reserved 1048576K
}
Event: 13.570 GC heap after
{Heap after GC invocations=27 (full 0):
 garbage-first heap   total 279552K, used 103558K [0x00000000a0c00000, 0x0000000100000000)
  region size 1024K, 2 young (2048K), 2 survivors (2048K)
 Metaspace       used 66883K, committed 67520K, reserved 1114112K
  class space    used 10040K, committed 10368K, reserved 1048576K
}
Event: 13.830 GC heap before
{Heap before GC invocations=27 (full 0):
 garbage-first heap   total 279552K, used 178310K [0x00000000a0c00000, 0x0000000100000000)
  region size 1024K, 73 young (74752K), 2 survivors (2048K)
 Metaspace       used 66883K, committed 67520K, reserved 1114112K
  class space    used 10040K, committed 10368K, reserved 1048576K
}
Event: 13.850 GC heap after
{Heap after GC invocations=28 (full 0):
 garbage-first heap   total 279552K, used 129289K [0x00000000a0c00000, 0x0000000100000000)
  region size 1024K, 10 young (10240K), 10 survivors (10240K)
 Metaspace       used 66883K, committed 67520K, reserved 1114112K
  class space    used 10040K, committed 10368K, reserved 1048576K
}
Event: 14.089 GC heap before
{Heap before GC invocations=28 (full 0):
 garbage-first heap   total 279552K, used 194825K [0x00000000a0c00000, 0x0000000100000000)
  region size 1024K, 71 young (72704K), 10 survivors (10240K)
 Metaspace       used 66883K, committed 67520K, reserved 1114112K
  class space    used 10040K, committed 10368K, reserved 1048576K
}
Event: 14.117 GC heap after
{Heap after GC invocations=29 (full 0):
 garbage-first heap   total 279552K, used 154471K [0x00000000a0c00000, 0x0000000100000000)
  region size 1024K, 9 young (9216K), 9 survivors (9216K)
 Metaspace       used 66883K, committed 67520K, reserved 1114112K
  class space    used 10040K, committed 10368K, reserved 1048576K
}
Event: 14.279 GC heap before
{Heap before GC invocations=29 (full 0):
 garbage-first heap   total 279552K, used 206695K [0x00000000a0c00000, 0x0000000100000000)
  region size 1024K, 60 young (61440K), 9 survivors (9216K)
 Metaspace       used 66924K, committed 67584K, reserved 1114112K
  class space    used 10054K, committed 10368K, reserved 1048576K
}

