# JRE version: OpenJDK Runtime Environment Microsoft-13877129 (17.0.19+10) (build 17.0.19+10-LTS)
# Java VM: OpenJDK 64-Bit Server VM Microsoft-13877129 (17.0.19+10-LTS, mixed mode, emulated-client, sharing, tiered, compressed oops, compressed class ptrs, g1 gc, windows-amd64)
GC Precious Log:
 CPUs: 8 total, 8 available
 Memory: 6090M
 Large Page Support: Disabled
 NUMA Support: Disabled
 Compressed Oops: Enabled (32-bit)
 Heap Region Size: 1M
 Heap Min Capacity: 8M
 Heap Initial Capacity: 96M
 Heap Max Capacity: 1524M
 Pre-touch: Disabled
 Parallel Workers: 8
 Concurrent Workers: 2
 Concurrent Refinement Workers: 8
 Periodic GC: Disabled
Heap:
 garbage-first heap   total 302080K, used 137085K [0x00000000a0c00000, 0x0000000100000000)
  region size 1024K, 4 young (4096K), 4 survivors (4096K)
 Metaspace       used 67462K, committed 68096K, reserved 1114112K
  class space    used 10112K, committed 10432K, reserved 1048576K
GC Heap History (20 events):
Event: 12.186 GC heap after
{Heap after GC invocations=23 (full 0):
 garbage-first heap   total 130048K, used 69324K [0x00000000a0c00000, 0x0000000100000000)
  region size 1024K, 5 young (5120K), 5 survivors (5120K)
 Metaspace       used 66856K, committed 67520K, reserved 1114112K
  class space    used 10033K, committed 10368K, reserved 1048576K
}
Event: 12.258 GC heap before
{Heap before GC invocations=23 (full 0):
 garbage-first heap   total 130048K, used 94924K [0x00000000a0c00000, 0x0000000100000000)
  region size 1024K, 30 young (30720K), 5 survivors (5120K)
 Metaspace       used 66859K, committed 67520K, reserved 1114112K
  class space    used 10033K, committed 10368K, reserved 1048576K
}
Event: 12.266 GC heap after
{Heap after GC invocations=24 (full 0):
 garbage-first heap   total 130048K, used 73346K [0x00000000a0c00000, 0x0000000100000000)
  region size 1024K, 4 young (4096K), 4 survivors (4096K)
 Metaspace       used 66859K, committed 67520K, reserved 1114112K
  class space    used 10033K, committed 10368K, reserved 1048576K
}
Event: 12.366 GC heap before
{Heap before GC invocations=24 (full 0):
 garbage-first heap   total 162816K, used 95874K [0x00000000a0c00000, 0x0000000100000000)
  region size 1024K, 27 young (27648K), 4 survivors (4096K)
 Metaspace       used 66859K, committed 67520K, reserved 1114112K
  class space    used 10033K, committed 10368K, reserved 1048576K
}
Event: 12.370 GC heap after
{Heap after GC invocations=25 (full 0):
 garbage-first heap   total 162816K, used 73084K [0x00000000a0c00000, 0x0000000100000000)
  region size 1024K, 1 young (1024K), 1 survivors (1024K)
 Metaspace       used 66859K, committed 67520K, reserved 1114112K
  class space    used 10033K, committed 10368K, reserved 1048576K
}
Event: 12.516 GC heap before
{Heap before GC invocations=26 (full 0):
 garbage-first heap   total 162816K, used 115068K [0x00000000a0c00000, 0x0000000100000000)
  region size 1024K, 42 young (43008K), 1 survivors (1024K)
 Metaspace       used 66863K, committed 67520K, reserved 1114112K
  class space    used 10035K, committed 10368K, reserved 1048576K
}
Event: 12.523 GC heap after
{Heap after GC invocations=27 (full 0):
 garbage-first heap   total 162816K, used 78318K [0x00000000a0c00000, 0x0000000100000000)
  region size 1024K, 6 young (6144K), 6 survivors (6144K)
 Metaspace       used 66863K, committed 67520K, reserved 1114112K
  class space    used 10035K, committed 10368K, reserved 1048576K
}
Event: 12.621 GC heap before
{Heap before GC invocations=27 (full 0):
 garbage-first heap   total 162816K, used 110062K [0x00000000a0c00000, 0x0000000100000000)
  region size 1024K, 38 young (38912K), 6 survivors (6144K)
 Metaspace       used 66863K, committed 67520K, reserved 1114112K
  class space    used 10035K, committed 10368K, reserved 1048576K
}
Event: 12.636 GC heap after
{Heap after GC invocations=28 (full 0):
 garbage-first heap   total 302080K, used 90188K [0x00000000a0c00000, 0x0000000100000000)
  region size 1024K, 6 young (6144K), 6 survivors (6144K)
 Metaspace       used 66863K, committed 67520K, reserved 1114112K
  class space    used 10035K, committed 10368K, reserved 1048576K
}
Event: 12.971 GC heap before
{Heap before GC invocations=28 (full 0):
 garbage-first heap   total 302080K, used 191564K [0x00000000a0c00000, 0x0000000100000000)
  region size 1024K, 102 young (104448K), 6 survivors (6144K)
 Metaspace       used 66863K, committed 67520K, reserved 1114112K
  class space    used 10035K, committed 10368K, reserved 1048576K
}
Event: 13.001 GC heap after
{Heap after GC invocations=29 (full 0):
 garbage-first heap   total 302080K, used 127721K [0x00000000a0c00000, 0x0000000100000000)
  region size 1024K, 13 young (13312K), 13 survivors (13312K)
 Metaspace       used 66863K, committed 67520K, reserved 1114112K
  class space    used 10035K, committed 10368K, reserved 1048576K
}
Event: 13.235 GC heap before
{Heap before GC invocations=29 (full 0):
 garbage-first heap   total 302080K, used 200425K [0x00000000a0c00000, 0x0000000100000000)
  region size 1024K, 81 young (82944K), 13 survivors (13312K)
 Metaspace       used 66863K, committed 67520K, reserved 1114112K
  class space    used 10035K, committed 10368K, reserved 1048576K
}
Event: 13.263 GC heap after
{Heap after GC invocations=30 (full 0):
 garbage-first heap   total 302080K, used 156974K [0x00000000a0c00000, 0x0000000100000000)
  region size 1024K, 11 young (11264K), 11 survivors (11264K)
 Metaspace       used 66863K, committed 67520K, reserved 1114112K
  class space    used 10035K, committed 10368K, reserved 1048576K
}
Event: 13.534 GC heap before
{Heap before GC invocations=30 (full 0):
 garbage-first heap   total 302080K, used 215342K [0x00000000a0c00000, 0x0000000100000000)
  region size 1024K, 68 young (69632K), 11 survivors (11264K)
 Metaspace       used 67115K, committed 67712K, reserved 1114112K
  class space    used 10069K, committed 10368K, reserved 1048576K
}
Event: 13.548 GC heap after
{Heap after GC invocations=31 (full 0):
 garbage-first heap   total 302080K, used 162428K [0x00000000a0c00000, 0x0000000100000000)
  region size 1024K, 3 young (3072K), 3 survivors (3072K)
 Metaspace       used 67115K, committed 67712K, reserved 1114112K
  class space    used 10069K, committed 10368K, reserved 1048576K
}
Event: 13.937 GC heap before
{Heap before GC invocations=32 (full 0):
 garbage-first heap   total 302080K, used 212604K [0x00000000a0c00000, 0x0000000100000000)
  region size 1024K, 63 young (64512K), 3 survivors (3072K)
 Metaspace       used 67438K, committed 68096K, reserved 1114112K
  class space    used 10110K, committed 10432K, reserved 1048576K
}
Event: 13.941 GC heap after
{Heap after GC invocations=33 (full 0):
 garbage-first heap   total 302080K, used 151436K [0x00000000a0c00000, 0x0000000100000000)
  region size 1024K, 4 young (4096K), 4 survivors (4096K)
 Metaspace       used 67438K, committed 68096K, reserved 1114112K
  class space    used 10110K, committed 10432K, reserved 1048576K
}
Event: 13.977 GC heap before
{Heap before GC invocations=33 (full 0):
 garbage-first heap   total 302080K, used 161676K [0x00000000a0c00000, 0x0000000100000000)
  region size 1024K, 14 young (14336K), 4 survivors (4096K)
 Metaspace       used 67438K, committed 68096K, reserved 1114112K
  class space    used 10110K, committed 10432K, reserved 1048576K
}
Event: 13.983 GC heap after
{Heap after GC invocations=34 (full 0):
 garbage-first heap   total 302080K, used 135654K [0x00000000a0c00000, 0x0000000100000000)
  region size 1024K, 2 young (2048K), 2 survivors (2048K)
 Metaspace       used 67438K, committed 68096K, reserved 1114112K
  class space    used 10110K, committed 10432K, reserved 1048576K
}
Event: 14.267 GC heap before
{Heap before GC invocations=34 (full 0):
 garbage-first heap   total 302080K, used 216550K [0x00000000a0c00000, 0x0000000100000000)
  region size 1024K, 81 young (82944K), 2 survivors (2048K)
 Metaspace       used 67462K, committed 68096K, reserved 1114112K
  class space    used 10112K, committed 10432K, reserved 1048576K
}

